<?xml version="1.0" encoding="UTF-8"?>
<!-- Generated by org.testng.reporters.JUnitXMLReporter -->
<testsuite ignored="1" hostname="CIGUSLP-0078" failures="0" tests="1" name="Default test" time="0.054" errors="0" timestamp="05 Feb 2018 07:43:34 GMT">
  <testcase classname="testnextgen.TestngAnnotation" name="testCase1" time="0.013"/>
  <testcase classname="testnextgen.TestngAnnotation" name="testCase2" time="0.0">
    <ignored/>
  </testcase> <!-- testCase2 -->
</testsuite> <!-- Default test -->
