<?xml version="1.0" encoding="UTF-8"?>
<testng-results ignored="0" total="2" passed="2" failed="0" skipped="0">
  <reporter-output>
  </reporter-output>
  <suite started-at="2018-02-05T07:08:06Z" name="Suite" finished-at="2018-02-05T07:08:06Z" duration-ms="51">
    <groups>
    </groups>
    <test started-at="2018-02-05T07:08:06Z" name="Test" finished-at="2018-02-05T07:08:06Z" duration-ms="51">
      <class name="sample.Testng">
        <test-method is-config="true" signature="testCase6()[pri:0, instance:sample.Testng@2de23121]" started-at="2018-02-05T01:08:06Z" name="testCase6" finished-at="2018-02-05T01:08:06Z" duration-ms="17" status="PASS">
          <reporter-output>
          </reporter-output>
        </test-method> <!-- testCase6 -->
        <test-method is-config="true" signature="testCase2()[pri:0, instance:sample.Testng@2de23121]" started-at="2018-02-05T01:08:06Z" name="testCase2" finished-at="2018-02-05T01:08:06Z" duration-ms="0" status="PASS">
          <reporter-output>
          </reporter-output>
        </test-method> <!-- testCase2 -->
        <test-method is-config="true" signature="testCase4()[pri:0, instance:sample.Testng@2de23121]" started-at="2018-02-05T01:08:06Z" name="testCase4" finished-at="2018-02-05T01:08:06Z" duration-ms="0" status="PASS">
          <reporter-output>
          </reporter-output>
        </test-method> <!-- testCase4 -->
        <test-method is-config="true" signature="testCase8()[pri:0, instance:sample.Testng@2de23121]" started-at="2018-02-05T01:08:06Z" name="testCase8" finished-at="2018-02-05T01:08:06Z" duration-ms="2" status="PASS">
          <reporter-output>
          </reporter-output>
        </test-method> <!-- testCase8 -->
        <test-method signature="testCase1()[pri:0, instance:sample.Testng@2de23121]" started-at="2018-02-05T01:08:06Z" name="testCase1" finished-at="2018-02-05T01:08:06Z" duration-ms="10" status="PASS">
          <reporter-output>
          </reporter-output>
        </test-method> <!-- testCase1 -->
        <test-method is-config="true" signature="testCase9()[pri:0, instance:sample.Testng@2de23121]" started-at="2018-02-05T01:08:06Z" name="testCase9" finished-at="2018-02-05T01:08:06Z" duration-ms="0" status="PASS">
          <reporter-output>
          </reporter-output>
        </test-method> <!-- testCase9 -->
        <test-method is-config="true" signature="testCase8()[pri:0, instance:sample.Testng@2de23121]" started-at="2018-02-05T01:08:06Z" name="testCase8" finished-at="2018-02-05T01:08:06Z" duration-ms="2" status="PASS">
          <reporter-output>
          </reporter-output>
        </test-method> <!-- testCase8 -->
        <test-method signature="testCase10()[pri:0, instance:sample.Testng@2de23121]" started-at="2018-02-05T01:08:06Z" name="testCase10" finished-at="2018-02-05T01:08:06Z" duration-ms="3" status="PASS">
          <reporter-output>
          </reporter-output>
        </test-method> <!-- testCase10 -->
        <test-method is-config="true" signature="testCase9()[pri:0, instance:sample.Testng@2de23121]" started-at="2018-02-05T01:08:06Z" name="testCase9" finished-at="2018-02-05T01:08:06Z" duration-ms="2" status="PASS">
          <reporter-output>
          </reporter-output>
        </test-method> <!-- testCase9 -->
        <test-method is-config="true" signature="testCase5()[pri:0, instance:sample.Testng@2de23121]" started-at="2018-02-05T01:08:06Z" name="testCase5" finished-at="2018-02-05T01:08:06Z" duration-ms="0" status="PASS">
          <reporter-output>
          </reporter-output>
        </test-method> <!-- testCase5 -->
        <test-method is-config="true" signature="testCase3()[pri:0, instance:sample.Testng@2de23121]" started-at="2018-02-05T01:08:06Z" name="testCase3" finished-at="2018-02-05T01:08:06Z" duration-ms="0" status="PASS">
          <reporter-output>
          </reporter-output>
        </test-method> <!-- testCase3 -->
        <test-method is-config="true" signature="testCase7()[pri:0, instance:sample.Testng@2de23121]" started-at="2018-02-05T01:08:06Z" name="testCase7" finished-at="2018-02-05T01:08:06Z" duration-ms="3" status="PASS">
          <reporter-output>
          </reporter-output>
        </test-method> <!-- testCase7 -->
      </class> <!-- sample.Testng -->
    </test> <!-- Test -->
  </suite> <!-- Suite -->
</testng-results>
