<?xml version="1.0" encoding="UTF-8"?>
<testng-results ignored="1" total="2" passed="1" failed="0" skipped="0">
  <reporter-output>
  </reporter-output>
  <suite started-at="2018-02-05T07:43:34Z" name="Default suite" finished-at="2018-02-05T07:43:34Z" duration-ms="54">
    <groups>
    </groups>
    <test started-at="2018-02-05T07:43:34Z" name="Default test" finished-at="2018-02-05T07:43:34Z" duration-ms="54">
      <class name="testnextgen.TestngAnnotation">
        <test-method is-config="true" signature="beforeSuite()[pri:0, instance:testnextgen.TestngAnnotation@2de23121]" started-at="2018-02-05T01:43:34Z" name="beforeSuite" finished-at="2018-02-05T01:43:34Z" duration-ms="20" status="PASS">
          <reporter-output>
          </reporter-output>
        </test-method> <!-- beforeSuite -->
        <test-method is-config="true" signature="beforeTest()[pri:0, instance:testnextgen.TestngAnnotation@2de23121]" started-at="2018-02-05T01:43:34Z" name="beforeTest" finished-at="2018-02-05T01:43:34Z" duration-ms="0" status="PASS">
          <reporter-output>
          </reporter-output>
        </test-method> <!-- beforeTest -->
        <test-method is-config="true" signature="beforeClass()[pri:0, instance:testnextgen.TestngAnnotation@2de23121]" started-at="2018-02-05T01:43:34Z" name="beforeClass" finished-at="2018-02-05T01:43:34Z" duration-ms="0" status="PASS">
          <reporter-output>
          </reporter-output>
        </test-method> <!-- beforeClass -->
        <test-method is-config="true" signature="beforeMethod()[pri:0, instance:testnextgen.TestngAnnotation@2de23121]" started-at="2018-02-05T01:43:34Z" name="beforeMethod" finished-at="2018-02-05T01:43:34Z" duration-ms="0" status="PASS">
          <reporter-output>
          </reporter-output>
        </test-method> <!-- beforeMethod -->
        <test-method signature="testCase1()[pri:0, instance:testnextgen.TestngAnnotation@2de23121]" started-at="2018-02-05T01:43:34Z" name="testCase1" finished-at="2018-02-05T01:43:34Z" duration-ms="13" status="PASS">
          <reporter-output>
          </reporter-output>
        </test-method> <!-- testCase1 -->
        <test-method is-config="true" signature="afterMethod()[pri:0, instance:testnextgen.TestngAnnotation@2de23121]" started-at="2018-02-05T01:43:34Z" name="afterMethod" finished-at="2018-02-05T01:43:34Z" duration-ms="3" status="PASS">
          <reporter-output>
          </reporter-output>
        </test-method> <!-- afterMethod -->
        <test-method is-config="true" signature="afterClass()[pri:0, instance:testnextgen.TestngAnnotation@2de23121]" started-at="2018-02-05T01:43:34Z" name="afterClass" finished-at="2018-02-05T01:43:34Z" duration-ms="0" status="PASS">
          <reporter-output>
          </reporter-output>
        </test-method> <!-- afterClass -->
        <test-method is-config="true" signature="afterTest()[pri:0, instance:testnextgen.TestngAnnotation@2de23121]" started-at="2018-02-05T01:43:34Z" name="afterTest" finished-at="2018-02-05T01:43:34Z" duration-ms="3" status="PASS">
          <reporter-output>
          </reporter-output>
        </test-method> <!-- afterTest -->
        <test-method is-config="true" signature="afterSuite()[pri:0, instance:testnextgen.TestngAnnotation@2de23121]" started-at="2018-02-05T01:43:34Z" name="afterSuite" finished-at="2018-02-05T01:43:34Z" duration-ms="0" status="PASS">
          <reporter-output>
          </reporter-output>
        </test-method> <!-- afterSuite -->
      </class> <!-- testnextgen.TestngAnnotation -->
    </test> <!-- Default test -->
  </suite> <!-- Default suite -->
</testng-results>
